c:\users\user\source\repos\sparkle\sparklechecker\x64\debug\vc143.pdb
c:\users\user\source\repos\sparkle\sparklechecker\x64\debug\vc143.idb
c:\users\user\source\repos\sparkle\sparklechecker\x64\debug\spk_widget_tester.obj
c:\users\user\source\repos\sparkle\sparklechecker\x64\debug\spk_thread_tester.obj
c:\users\user\source\repos\sparkle\sparklechecker\x64\debug\spk_persistant_worker_tester.obj
c:\users\user\source\repos\sparkle\sparklechecker\x64\debug\spk_safe_pointer_tester.obj
c:\users\user\source\repos\sparkle\sparklechecker\x64\debug\spk_iostream_tester.obj
c:\users\user\source\repos\sparkle\sparklechecker\x64\debug\spk_geometry_2d_tester.obj
c:\users\user\source\repos\sparkle\sparklechecker\x64\debug\spk_stateful_object_tester.obj
c:\users\user\source\repos\sparkle\sparklechecker\x64\debug\spk_inherence_object_tester.obj
c:\users\user\source\repos\sparkle\sparklechecker\x64\debug\spk_contract_provider_tester.obj
c:\users\user\source\repos\sparkle\sparklechecker\x64\debug\spk_activable_object_tester.obj
c:\users\user\source\repos\sparkle\sparklechecker\x64\debug\spk_widget_based_application_tester.obj
c:\users\user\source\repos\sparkle\sparklechecker\x64\debug\spk_application_tester.obj
c:\users\user\source\repos\sparkle\x64\debug\gtest.pdb
c:\users\user\source\repos\sparkle\x64\debug\gtest_main.pdb
c:\users\user\source\repos\sparkle\x64\debug\sparklechecker.exe
c:\users\user\source\repos\sparkle\x64\debug\sparklechecker.ilk
c:\users\user\source\repos\sparkle\x64\debug\sparklechecker.pdb
c:\users\user\source\repos\sparkle\sparklechecker\x64\debug\sparklechecker.tlog\cl.command.1.tlog
c:\users\user\source\repos\sparkle\sparklechecker\x64\debug\sparklechecker.tlog\cl.items.tlog
c:\users\user\source\repos\sparkle\sparklechecker\x64\debug\sparklechecker.tlog\cl.read.1.tlog
c:\users\user\source\repos\sparkle\sparklechecker\x64\debug\sparklechecker.tlog\cl.write.1.tlog
c:\users\user\source\repos\sparkle\sparklechecker\x64\debug\sparklechecker.tlog\copylocal.read.1u.tlog
c:\users\user\source\repos\sparkle\sparklechecker\x64\debug\sparklechecker.tlog\copylocal.write.1u.tlog
c:\users\user\source\repos\sparkle\sparklechecker\x64\debug\sparklechecker.tlog\link.command.1.tlog
c:\users\user\source\repos\sparkle\sparklechecker\x64\debug\sparklechecker.tlog\link.read.1.tlog
c:\users\user\source\repos\sparkle\sparklechecker\x64\debug\sparklechecker.tlog\link.write.1.tlog
